<?xml version="1.0" encoding="UTF-8"?>
<testsuite name="test_control_flujo_tests.TestControlFlujo-20220521173018" tests="8" file="test_control_flujo_tests.py" time="0.064" timestamp="2022-05-21T17:30:19" failures="0" errors="0" skipped="0">
	<testcase classname="test_control_flujo_tests.TestControlFlujo" name="test_formato_de_cita_incorrecto" time="0.005" timestamp="2022-05-21T17:30:19"/>
	<testcase classname="test_control_flujo_tests.TestControlFlujo" name="test_no_existe_la_cita_en_el_archivo" time="0.011" timestamp="2022-05-21T17:30:19"/>
	<testcase classname="test_control_flujo_tests.TestControlFlujo" name="test_reason_incorrecta" time="0.004" timestamp="2022-05-21T17:30:19"/>
	<testcase classname="test_control_flujo_tests.TestControlFlujo" name="test_se_anade_la_cita_a_las_canceladas" time="0.017" timestamp="2022-05-21T17:30:19"/>
	<testcase classname="test_control_flujo_tests.TestControlFlujo" name="test_se_ha_administrado_previamente" time="0.005" timestamp="2022-05-21T17:30:19"/>
	<testcase classname="test_control_flujo_tests.TestControlFlujo" name="test_se_ha_cancelado_como_final_previamente" time="0.006" timestamp="2022-05-21T17:30:19"/>
	<testcase classname="test_control_flujo_tests.TestControlFlujo" name="test_se_modifica_el_tipo" time="0.012" timestamp="2022-05-21T17:30:19"/>
	<testcase classname="test_control_flujo_tests.TestControlFlujo" name="test_tipo_incorrecto" time="0.005" timestamp="2022-05-21T17:30:19"/>
</testsuite>
